nohup: ignoring input
Loading required package: snowfall
Loading required package: snow
Loading required package: zoo

Attaching package: ‘zoo’

The following objects are masked from ‘package:base’:

    as.Date, as.Date.numeric

Loading required package: Matrix
Loading required package: mvtnorm
Loading required package: threshtvp
Loading required package: stochvol
Loading required package: GIGrvg
Loading required package: MASS
Loading required package: dlm

Attaching package: ‘dlm’

The following object is masked from ‘package:Matrix’:

    bdiag

[1] 3
Loading required package: coda
Loading required package: bayesm

Attaching package: ‘bayesm’

The following object is masked from ‘package:dlm’:

    rwishart

Loading required package: psych

Attaching package: ‘psych’

The following object is masked _by_ ‘.GlobalEnv’:

    West

The following object is masked from ‘package:dlm’:

    %+%

Loading required package: MCMCpack
##
## Markov Chain Monte Carlo Package (MCMCpack)
## Copyright (C) 2003-2026 Andrew D. Martin, Kevin M. Quinn, and Jong Hee Park
##
## Support provided by the U.S. National Science Foundation
## (Grants SES-0350646 and SES-0350613)
##

Attaching package: ‘MCMCpack’

The following object is masked from ‘package:psych’:

    vech

The following object is masked from ‘package:bayesm’:

    rdirichlet

The following object is masked from ‘package:threshtvp’:

    dinvgamma

Loading required package: mnormt
Calling a snowfall function without calling 'sfInit' first or after sfStop().
'sfInit()' is called now.
snowfall 1.84-6.3 initialized: sequential execution, one CPU.

Iteration  1
Iteration  2
Iteration  3
Iteration  4
Iteration  5
Iteration  6
Iteration  7
Iteration  8
Iteration  9
Iteration  10
Warning message:
In searchCommandline(parallel, cpus = cpus, type = type, socketHosts = socketHosts,  :
  Unknown option on commandline: --file
  |                                                                              |                                                                      |   0%  |                                                                              |==============                                                        |  20%  |                                                                              |============================                                          |  40%  |                                                                              |==========================================                            |  60%  |                                                                              |========================================================              |  80%  |                                                                              |======================================================================| 100%Time difference of 10.96166 mins
